TN:
SF:/home/ryo/workspace/languagePrograming/parse.c
FN:18,parse_program
FNDA:1,parse_program
FN:29,block
FNDA:1,block
FN:41,variable_declaration
FNDA:12,variable_declaration
FN:59,variable_names
FNDA:26,variable_names
FN:70,variable_name
FNDA:235,variable_name
FN:77,type
FNDA:26,type
FN:90,standard_type
FNDA:26,standard_type
FN:106,array_type
FNDA:2,array_type
FN:118,subprogram_declaration
FNDA:11,subprogram_declaration
FN:133,procedure_name
FNDA:31,procedure_name
FN:140,formal_parameters
FNDA:11,formal_parameters
FN:157,compound_statement
FNDA:21,compound_statement
FN:173,statement
FNDA:102,statement
FN:215,condition_statement
FNDA:17,condition_statement
FN:228,iteration_statement
FNDA:2,iteration_statement
FN:240,exit_statement
FNDA:0,exit_statement
FN:248,call_statement
FNDA:20,call_statement
FN:260,expressions
FNDA:20,expressions
FN:271,return_statement
FNDA:2,return_statement
FN:278,assignment_statement
FNDA:34,assignment_statement
FN:287,left_part
FNDA:34,left_part
FN:294,variable
FNDA:170,variable
FN:305,expression
FNDA:150,expression
FN:316,simple_expression
FNDA:171,simple_expression
FN:334,term
FNDA:177,term
FN:345,factor
FNDA:194,factor
FN:372,constant
FNDA:47,constant
FN:390,multiplicative_operator
FNDA:16,multiplicative_operator
FN:406,additive_operator
FNDA:6,additive_operator
FN:422,relational_operator
FNDA:21,relational_operator
FN:444,input_statement
FNDA:1,input_statement
FN:466,output_statement
FNDA:17,output_statement
FN:488,output_format
FNDA:25,output_format
FN:498,empty_statement
FNDA:0,empty_statement
FN:504,prettyPrint
FNDA:911,prettyPrint
FN:543,error
FNDA:0,error
FN:549,debug
FNDA:1650,debug
FN:557,debugPrintf
FNDA:1629,debugPrintf
FN:564,debugPrintChar
FNDA:0,debugPrintChar
DA:18,1
DA:19,1
DA:20,1
DA:21,1
DA:22,1
DA:23,1
DA:24,1
DA:25,1
DA:26,1
DA:29,1
DA:30,1
DA:31,1
DA:32,1
DA:33,13
DA:34,13
DA:36,1
DA:37,1
DA:38,1
DA:41,12
DA:42,12
DA:43,12
DA:44,12
DA:45,12
DA:46,12
DA:47,12
DA:48,12
DA:49,12
DA:50,26
DA:51,2
DA:52,2
DA:53,2
DA:54,2
DA:56,12
DA:59,26
DA:60,26
DA:61,26
DA:62,26
DA:63,91
DA:64,39
DA:65,39
DA:67,26
DA:70,235
DA:71,235
DA:72,235
DA:73,235
DA:74,235
DA:77,26
DA:78,26
DA:79,26
DA:80,26
DA:81,24
DA:83,2
DA:84,2
DA:86,0
DA:87,26
DA:90,26
DA:91,26
DA:92,26
DA:93,26
DA:94,52
DA:95,21
DA:96,5
DA:97,1
DA:98,4
DA:99,4
DA:102,0
DA:103,26
DA:106,2
DA:107,2
DA:108,2
DA:109,2
DA:110,2
DA:111,2
DA:112,2
DA:113,2
DA:114,2
DA:115,2
DA:118,11
DA:119,11
DA:120,11
DA:121,11
DA:122,11
DA:123,11
DA:124,11
DA:125,11
DA:126,11
DA:127,11
DA:128,11
DA:129,11
DA:130,11
DA:133,31
DA:134,31
DA:135,31
DA:136,31
DA:137,31
DA:140,11
DA:141,11
DA:142,11
DA:143,11
DA:144,11
DA:145,11
DA:146,11
DA:147,23
DA:148,1
DA:149,1
DA:150,1
DA:151,1
DA:153,11
DA:154,11
DA:157,21
DA:158,21
DA:159,21
DA:160,21
DA:161,21
DA:162,21
DA:163,90
DA:164,48
DA:165,48
DA:167,21
DA:168,21
DA:169,21
DA:170,21
DA:173,102
DA:174,102
DA:175,102
DA:182,102
DA:183,34
DA:185,68
DA:186,17
DA:188,51
DA:189,2
DA:191,49
DA:192,0
DA:194,49
DA:195,20
DA:197,29
DA:198,2
DA:200,27
DA:201,1
DA:203,26
DA:204,17
DA:206,9
DA:207,9
DA:210,0
DA:212,102
DA:215,17
DA:216,17
DA:217,17
DA:218,17
DA:219,17
DA:220,17
DA:221,17
DA:222,17
DA:223,14
DA:224,14
DA:225,14
DA:228,2
DA:229,2
DA:230,2
DA:231,2
DA:232,2
DA:233,2
DA:234,2
DA:235,2
DA:236,2
DA:237,2
DA:240,0
DA:241,0
DA:242,0
DA:243,0
DA:244,0
DA:245,0
DA:248,20
DA:249,20
DA:250,20
DA:251,20
DA:252,20
DA:253,20
DA:254,20
DA:255,20
DA:256,20
DA:257,20
DA:260,20
DA:261,20
DA:262,20
DA:263,20
DA:264,80
DA:265,40
DA:266,40
DA:268,20
DA:271,2
DA:272,2
DA:273,2
DA:274,2
DA:275,2
DA:278,34
DA:279,34
DA:280,34
DA:281,34
DA:282,34
DA:283,34
DA:284,34
DA:287,34
DA:288,34
DA:289,34
DA:290,34
DA:291,34
DA:294,170
DA:295,170
DA:296,170
DA:297,170
DA:298,170
DA:299,0
DA:300,0
DA:301,0
DA:302,0
DA:305,150
DA:306,150
DA:307,150
DA:308,150
DA:309,321
DA:310,21
DA:311,21
DA:313,150
DA:316,171
DA:317,171
DA:318,171
DA:319,171
DA:320,4
DA:321,0
DA:322,4
DA:323,4
DA:326,171
DA:327,348
DA:328,6
DA:329,6
DA:331,171
DA:334,177
DA:335,177
DA:336,177
DA:337,177
DA:338,370
DA:339,16
DA:340,16
DA:342,177
DA:345,194
DA:346,194
DA:347,194
DA:348,194
DA:349,134
DA:351,60
DA:352,47
DA:354,13
DA:355,12
DA:356,12
DA:357,12
DA:359,1
DA:360,1
DA:361,1
DA:363,0
DA:364,0
DA:365,0
DA:366,0
DA:367,0
DA:369,194
DA:372,47
DA:373,47
DA:374,47
DA:375,47
DA:376,94
DA:377,20
DA:378,27
DA:379,1
DA:380,26
DA:381,1
DA:382,25
DA:383,25
DA:386,0
DA:387,47
DA:390,16
DA:391,16
DA:392,16
DA:393,16
DA:394,32
DA:395,6
DA:396,10
DA:397,10
DA:398,0
DA:399,0
DA:402,0
DA:403,16
DA:406,6
DA:407,6
DA:408,6
DA:409,6
DA:410,12
DA:411,1
DA:412,5
DA:413,1
DA:414,4
DA:415,4
DA:418,0
DA:419,6
DA:422,21
DA:423,21
DA:424,21
DA:425,21
DA:426,42
DA:427,18
DA:428,3
DA:429,1
DA:430,2
DA:431,2
DA:432,0
DA:433,0
DA:434,0
DA:435,0
DA:436,0
DA:437,0
DA:440,0
DA:441,21
DA:444,1
DA:445,1
DA:446,1
DA:447,1
DA:448,2
DA:449,0
DA:450,1
DA:451,1
DA:454,0
DA:455,1
DA:456,1
DA:457,1
DA:458,3
DA:459,1
DA:460,1
DA:462,1
DA:463,1
DA:466,17
DA:467,17
DA:468,17
DA:469,17
DA:470,34
DA:471,0
DA:472,17
DA:473,17
DA:476,0
DA:477,17
DA:478,15
DA:479,15
DA:480,40
DA:481,10
DA:482,10
DA:484,15
DA:485,15
DA:488,25
DA:489,25
DA:490,25
DA:491,25
DA:492,25
DA:493,0
DA:494,0
DA:495,0
DA:498,0
DA:499,0
DA:500,0
DA:501,0
DA:504,911
DA:508,911
DA:509,44
DA:510,44
DA:512,911
DA:513,421
DA:514,269
DA:516,759
DA:517,582
DA:520,911
DA:521,25
DA:522,886
DA:523,267
DA:524,619
DA:525,22
DA:526,22
DA:528,597
DA:530,911
DA:532,911
DA:533,107
DA:534,107
DA:536,911
DA:543,0
DA:544,0
DA:545,0
DA:546,0
DA:549,1650
DA:551,1650
DA:552,0
DA:553,0
DA:554,0
DA:557,1629
DA:558,1629
DA:559,0
DA:560,0
DA:561,0
DA:564,0
DA:565,0
DA:566,0
DA:567,0
DA:568,0
FNF:39
FNH:35
LF:408
LH:350
end_of_record
TN:
SF:/home/ryo/workspace/languagePrograming/scan.c
FN:19,my_getc
FNDA:3235,my_getc
FN:65,init_scan
FNDA:1,init_scan
FN:74,scan
FNDA:912,scan
FN:252,get_linenum
FNDA:0,get_linenum
FN:256,end_scan
FNDA:0,end_scan
FN:262,check_line
FNDA:3234,check_line
DA:19,3235
DA:20,3235
DA:23,3235
DA:24,1
DA:25,0
DA:26,0
DA:28,1
DA:32,3234
DA:34,0
DA:35,0
DA:36,0
DA:37,0
DA:39,0
DA:40,0
DA:41,0
DA:43,3234
DA:44,136
DA:46,136
DA:47,0
DA:48,0
DA:50,136
DA:51,136
DA:52,136
DA:55,3098
DA:59,3098
DA:60,0
DA:62,3098
DA:65,1
DA:66,1
DA:67,0
DA:70,1
DA:71,1
DA:74,912
DA:75,2416
DA:76,1503
DA:78,1503
DA:79,583
DA:80,583
DA:83,920
DA:84,0
DA:85,0
DA:86,0
DA:88,920
DA:89,9
DA:90,9
DA:91,9
DA:93,0
DA:94,0
DA:96,9
DA:97,221
DA:98,203
DA:99,203
DA:100,203
DA:102,9
DA:103,9
DA:106,911
DA:108,25
DA:109,25625
DA:110,25600
DA:112,25
DA:114,699
DA:115,362
DA:116,25
DA:117,25
DA:118,0
DA:120,25
DA:123,337
DA:124,337
DA:126,25
DA:127,25
DA:130,886
DA:132,483800
DA:133,483328
DA:135,472
DA:136,2525
DA:137,1581
DA:138,1581
DA:140,472
DA:141,0
DA:142,0
DA:143,0
DA:145,472
DA:146,10598
DA:147,10331
DA:148,205
DA:151,267
DA:154,414
DA:155,22
DA:156,22550
DA:157,22528
DA:159,22
DA:160,70
DA:161,26
DA:162,26
DA:164,22
DA:165,22
DA:166,0
DA:167,0
DA:168,0
DA:170,22
DA:173,392
DA:174,1
DA:175,1
DA:177,391
DA:178,5
DA:179,5
DA:181,386
DA:182,6
DA:183,6
DA:185,380
DA:186,18
DA:187,18
DA:189,362
DA:190,3
DA:191,3
DA:192,1
DA:193,1
DA:195,2
DA:196,0
DA:197,0
DA:199,2
DA:201,359
DA:202,0
DA:203,0
DA:204,0
DA:205,0
DA:207,0
DA:209,359
DA:210,59
DA:211,59
DA:213,300
DA:214,59
DA:215,59
DA:217,241
DA:218,2
DA:219,2
DA:221,239
DA:222,2
DA:223,2
DA:225,237
DA:226,60
DA:227,60
DA:228,34
DA:229,34
DA:231,26
DA:233,177
DA:234,1
DA:235,1
DA:237,176
DA:238,90
DA:239,90
DA:241,86
DA:242,86
DA:243,86
DA:246,0
DA:247,0
DA:250,1
DA:252,0
DA:253,0
DA:256,0
DA:257,0
DA:258,0
DA:259,0
DA:262,3234
DA:263,3234
DA:264,137
DA:265,137
DA:267,3234
DA:268,2421
DA:270,3234
DA:271,3234
FNF:6
FNH:4
LF:171
LH:131
end_of_record
