TN:
SF:/home/ryo/workspace/languagePrograming/parse.c
FN:18,parse_program
FNDA:1,parse_program
FN:29,block
FNDA:1,block
FN:41,variable_declaration
FNDA:12,variable_declaration
FN:59,variable_names
FNDA:28,variable_names
FN:70,variable_name
FNDA:243,variable_name
FN:77,type
FNDA:28,type
FN:89,standard_type
FNDA:29,standard_type
FN:104,array_type
FNDA:4,array_type
FN:116,subprogram_declaration
FNDA:12,subprogram_declaration
FN:131,procedure_name
FNDA:32,procedure_name
FN:138,formal_parameters
FNDA:11,formal_parameters
FN:155,compound_statement
FNDA:22,compound_statement
FN:171,statement
FNDA:108,statement
FN:213,condition_statement
FNDA:18,condition_statement
FN:226,iteration_statement
FNDA:2,iteration_statement
FN:238,exit_statement
FNDA:1,exit_statement
FN:246,call_statement
FNDA:20,call_statement
FN:258,expressions
FNDA:20,expressions
FN:269,return_statement
FNDA:2,return_statement
FN:276,assignment_statement
FNDA:35,assignment_statement
FN:285,left_part
FNDA:35,left_part
FN:292,variable
FNDA:176,variable
FN:303,expression
FNDA:163,expression
FN:314,simple_expression
FNDA:188,simple_expression
FN:332,term
FNDA:194,term
FN:343,factor
FNDA:214,factor
FN:370,constant
FNDA:60,constant
FN:387,multiplicative_operator
FNDA:19,multiplicative_operator
FN:402,additive_operator
FNDA:6,additive_operator
FN:417,relational_operator
FNDA:25,relational_operator
FN:438,input_statement
FNDA:2,input_statement
FN:459,output_statement
FNDA:18,output_statement
FN:480,output_format
FNDA:27,output_format
FN:490,empty_statement
FNDA:1,empty_statement
FN:496,prettyPrint
FNDA:999,prettyPrint
FN:535,error
FNDA:0,error
FN:541,debug
FNDA:1779,debug
FN:549,debugPrintf
FNDA:1757,debugPrintf
FN:556,debugPrintChar
FNDA:0,debugPrintChar
DA:18,1
DA:19,1
DA:20,1
DA:21,1
DA:22,1
DA:23,1
DA:24,1
DA:25,1
DA:26,1
DA:29,1
DA:30,1
DA:31,1
DA:32,1
DA:33,14
DA:34,14
DA:36,1
DA:37,1
DA:38,1
DA:41,12
DA:42,12
DA:43,12
DA:44,12
DA:45,12
DA:46,12
DA:47,12
DA:48,12
DA:49,12
DA:50,28
DA:51,4
DA:52,4
DA:53,4
DA:54,4
DA:56,12
DA:59,28
DA:60,28
DA:61,28
DA:62,28
DA:63,95
DA:64,39
DA:65,39
DA:67,28
DA:70,243
DA:71,243
DA:72,243
DA:73,243
DA:74,243
DA:77,28
DA:78,28
DA:79,28
DA:80,28
DA:81,24
DA:83,4
DA:84,4
DA:86,28
DA:89,29
DA:90,29
DA:91,29
DA:92,29
DA:93,29
DA:94,22
DA:95,7
DA:96,2
DA:97,5
DA:98,5
DA:101,29
DA:104,4
DA:105,4
DA:106,4
DA:107,4
DA:108,4
DA:109,4
DA:110,4
DA:111,4
DA:112,4
DA:113,4
DA:116,12
DA:117,12
DA:118,12
DA:119,12
DA:120,12
DA:121,12
DA:122,12
DA:123,12
DA:124,12
DA:125,12
DA:126,12
DA:127,12
DA:128,12
DA:131,32
DA:132,32
DA:133,32
DA:134,32
DA:135,32
DA:138,11
DA:139,11
DA:140,11
DA:141,11
DA:142,11
DA:143,11
DA:144,11
DA:145,23
DA:146,1
DA:147,1
DA:148,1
DA:149,1
DA:151,11
DA:152,11
DA:155,22
DA:156,22
DA:157,22
DA:158,22
DA:159,22
DA:160,22
DA:161,96
DA:162,52
DA:163,52
DA:165,22
DA:166,22
DA:167,22
DA:168,22
DA:171,108
DA:172,108
DA:173,108
DA:180,108
DA:181,35
DA:183,73
DA:184,18
DA:186,55
DA:187,2
DA:189,53
DA:190,1
DA:192,52
DA:193,20
DA:195,32
DA:196,2
DA:198,30
DA:199,2
DA:201,28
DA:202,18
DA:204,10
DA:205,9
DA:208,1
DA:210,108
DA:213,18
DA:214,18
DA:215,18
DA:216,18
DA:217,18
DA:218,18
DA:219,18
DA:220,18
DA:221,14
DA:222,14
DA:223,14
DA:226,2
DA:227,2
DA:228,2
DA:229,2
DA:230,2
DA:231,2
DA:232,2
DA:233,2
DA:234,2
DA:235,2
DA:238,1
DA:239,1
DA:240,1
DA:241,1
DA:242,1
DA:243,1
DA:246,20
DA:247,20
DA:248,20
DA:249,20
DA:250,20
DA:251,20
DA:252,20
DA:253,20
DA:254,20
DA:255,20
DA:258,20
DA:259,20
DA:260,20
DA:261,20
DA:262,80
DA:263,40
DA:264,40
DA:266,20
DA:269,2
DA:270,2
DA:271,2
DA:272,2
DA:273,2
DA:276,35
DA:277,35
DA:278,35
DA:279,35
DA:280,35
DA:281,35
DA:282,35
DA:285,35
DA:286,35
DA:287,35
DA:288,35
DA:289,35
DA:292,176
DA:293,176
DA:294,176
DA:295,176
DA:296,176
DA:297,5
DA:298,5
DA:299,5
DA:300,5
DA:303,163
DA:304,163
DA:305,163
DA:306,163
DA:307,351
DA:308,25
DA:309,25
DA:311,163
DA:314,188
DA:315,188
DA:316,188
DA:317,188
DA:318,5
DA:319,1
DA:320,4
DA:321,4
DA:324,188
DA:325,382
DA:326,6
DA:327,6
DA:329,188
DA:332,194
DA:333,194
DA:334,194
DA:335,194
DA:336,407
DA:337,19
DA:338,19
DA:340,194
DA:343,214
DA:344,214
DA:345,214
DA:346,214
DA:347,137
DA:349,77
DA:350,60
DA:352,17
DA:353,15
DA:354,15
DA:355,15
DA:357,2
DA:358,1
DA:359,1
DA:361,1
DA:362,1
DA:363,1
DA:364,1
DA:365,1
DA:367,214
DA:370,60
DA:371,60
DA:372,60
DA:373,60
DA:374,60
DA:375,31
DA:376,29
DA:377,1
DA:378,28
DA:379,3
DA:380,25
DA:381,25
DA:384,60
DA:387,19
DA:388,19
DA:389,19
DA:390,19
DA:391,19
DA:392,6
DA:393,13
DA:394,10
DA:395,3
DA:396,3
DA:399,19
DA:402,6
DA:403,6
DA:404,6
DA:405,6
DA:406,6
DA:407,1
DA:408,5
DA:409,1
DA:410,4
DA:411,4
DA:414,6
DA:417,25
DA:418,25
DA:419,25
DA:420,25
DA:421,25
DA:422,19
DA:423,6
DA:424,1
DA:425,5
DA:426,2
DA:427,3
DA:428,1
DA:429,2
DA:430,1
DA:431,1
DA:432,1
DA:435,25
DA:438,2
DA:439,2
DA:440,2
DA:441,2
DA:442,2
DA:443,1
DA:444,1
DA:445,1
DA:448,2
DA:449,2
DA:450,2
DA:451,6
DA:452,2
DA:453,2
DA:455,2
DA:456,2
DA:459,18
DA:460,18
DA:461,18
DA:462,18
DA:463,18
DA:464,1
DA:465,17
DA:466,17
DA:469,18
DA:470,16
DA:471,16
DA:472,43
DA:473,11
DA:474,11
DA:476,16
DA:477,16
DA:480,27
DA:481,27
DA:482,27
DA:483,27
DA:484,27
DA:485,1
DA:486,1
DA:487,1
DA:490,1
DA:491,1
DA:492,1
DA:493,1
DA:496,999
DA:500,999
DA:501,44
DA:502,44
DA:504,999
DA:505,445
DA:506,284
DA:508,838
DA:509,651
DA:512,999
DA:513,25
DA:514,974
DA:515,276
DA:516,698
DA:517,36
DA:518,36
DA:520,662
DA:522,999
DA:524,999
DA:525,116
DA:526,116
DA:528,999
DA:535,0
DA:536,0
DA:537,0
DA:538,0
DA:541,1779
DA:543,1779
DA:544,0
DA:545,0
DA:546,0
DA:549,1757
DA:550,1757
DA:551,0
DA:552,0
DA:553,0
DA:556,0
DA:557,0
DA:558,0
DA:559,0
DA:560,0
FNF:39
FNH:37
LF:400
LH:385
end_of_record
TN:
SF:/home/ryo/workspace/languagePrograming/scan.c
FN:19,my_getc
FNDA:40933,my_getc
FN:65,init_scan
FNDA:13,init_scan
FN:74,scan
FNDA:11607,scan
FN:252,get_linenum
FNDA:0,get_linenum
FN:256,end_scan
FNDA:1,end_scan
FN:262,check_line
FNDA:40920,check_line
DA:19,40933
DA:20,40933
DA:23,40933
DA:24,12
DA:25,0
DA:26,0
DA:28,12
DA:32,40921
DA:34,0
DA:35,0
DA:36,0
DA:37,0
DA:39,0
DA:40,0
DA:41,0
DA:43,40921
DA:44,1701
DA:46,1701
DA:47,0
DA:48,0
DA:50,1701
DA:51,1701
DA:52,1701
DA:55,39220
DA:59,39220
DA:60,0
DA:62,39220
DA:65,13
DA:66,13
DA:67,0
DA:70,13
DA:71,13
DA:74,11607
DA:75,30688
DA:76,19069
DA:78,19069
DA:79,7357
DA:80,7357
DA:83,11712
DA:84,0
DA:85,0
DA:86,0
DA:88,11712
DA:89,117
DA:90,117
DA:91,117
DA:93,0
DA:94,0
DA:96,117
DA:97,2873
DA:98,2639
DA:99,2639
DA:100,2639
DA:102,117
DA:103,117
DA:106,11595
DA:108,300
DA:109,307500
DA:110,307200
DA:112,300
DA:114,8388
DA:115,4344
DA:116,300
DA:117,300
DA:118,0
DA:120,300
DA:123,4044
DA:124,4044
DA:126,300
DA:127,300
DA:130,11295
DA:132,6051600
DA:133,6045696
DA:135,5904
DA:136,31848
DA:137,20040
DA:138,20040
DA:140,5904
DA:141,0
DA:142,0
DA:143,0
DA:145,5904
DA:146,131580
DA:147,128283
DA:148,2607
DA:151,3297
DA:154,5391
DA:155,358
DA:156,366950
DA:157,366592
DA:159,358
DA:160,1124
DA:161,408
DA:162,408
DA:164,358
DA:165,358
DA:166,0
DA:167,0
DA:168,0
DA:170,358
DA:173,5033
DA:174,21
DA:175,21
DA:177,5012
DA:178,61
DA:179,61
DA:181,4951
DA:182,73
DA:183,73
DA:185,4878
DA:186,228
DA:187,228
DA:189,4650
DA:190,43
DA:191,43
DA:192,13
DA:193,13
DA:195,30
DA:196,6
DA:197,6
DA:199,24
DA:201,4607
DA:202,12
DA:203,12
DA:204,6
DA:205,6
DA:207,6
DA:209,4595
DA:210,746
DA:211,746
DA:213,3849
DA:214,746
DA:215,746
DA:217,3103
DA:218,72
DA:219,72
DA:221,3031
DA:222,72
DA:223,72
DA:225,2959
DA:226,758
DA:227,758
DA:228,423
DA:229,423
DA:231,335
DA:233,2201
DA:234,12
DA:235,12
DA:237,2189
DA:238,1096
DA:239,1096
DA:241,1093
DA:242,1093
DA:243,1093
DA:246,0
DA:247,0
DA:250,12
DA:252,0
DA:253,0
DA:256,1
DA:257,1
DA:258,1
DA:259,1
DA:262,40920
DA:263,40920
DA:264,1714
DA:265,1714
DA:267,40920
DA:268,30573
DA:270,40920
DA:271,40920
FNF:6
FNH:5
LF:171
LH:142
end_of_record
